# JRE version: Java(TM) SE Runtime Environment (9.0+11) (build 9.0.4+11)
# Java VM: Java HotSpot(TM) 64-Bit Server VM (9.0.4+11, mixed mode, tiered, compressed oops, g1 gc, windows-amd64)
Heap:
 garbage-first heap   total 231424K, used 95860K [0x0000000700000000, 0x0000000700100710, 0x00000007c0000000)
  region size 1024K, 27 young (27648K), 0 survivors (0K)
 Metaspace       used 84085K, capacity 90503K, committed 90752K, reserved 1128448K
  class space    used 11273K, capacity 12394K, committed 12416K, reserved 1048576K
GC Heap History (10 events):
Event: 2518.593 GC heap before
{Heap before GC invocations=425 (full 116):
 garbage-first heap   total 235520K, used 77953K [0x0000000700000000, 0x0000000700100730, 0x00000007c0000000)
  region size 1024K, 8 young (8192K), 0 survivors (0K)
 Metaspace       used 84009K, capacity 90421K, committed 90496K, reserved 1128448K
  class space    used 11270K, capacity 12391K, committed 12416K, reserved 1048576K
}
Event: 2518.750 GC heap after
{Heap after GC invocations=426 (full 117):
 garbage-first heap   total 235520K, used 71123K [0x0000000700000000, 0x0000000700100730, 0x00000007c0000000)
  region size 1024K, 0 young (0K), 0 survivors (0K)
 Metaspace       used 84009K, capacity 90421K, committed 90496K, reserved 1128448K
  class space    used 11270K, capacity 12391K, committed 12416K, reserved 1048576K
}
Event: 2545.522 GC heap before
{Heap before GC invocations=426 (full 117):
 garbage-first heap   total 235520K, used 117203K [0x0000000700000000, 0x0000000700100730, 0x00000007c0000000)
  region size 1024K, 38 young (38912K), 0 survivors (0K)
 Metaspace       used 84037K, capacity 90439K, committed 90752K, reserved 1128448K
  class space    used 11273K, capacity 12394K, committed 12416K, reserved 1048576K
}
Event: 2545.692 GC heap after
{Heap after GC invocations=427 (full 118):
 garbage-first heap   total 234496K, used 70169K [0x0000000700000000, 0x0000000700100728, 0x00000007c0000000)
  region size 1024K, 0 young (0K), 0 survivors (0K)
 Metaspace       used 84037K, capacity 90439K, committed 90752K, reserved 1128448K
  class space    used 11273K, capacity 12394K, committed 12416K, reserved 1048576K
}
Event: 2549.347 GC heap before
{Heap before GC invocations=427 (full 118):
 garbage-first heap   total 234496K, used 137753K [0x0000000700000000, 0x0000000700100728, 0x00000007c0000000)
  region size 1024K, 60 young (61440K), 0 survivors (0K)
 Metaspace       used 84050K, capacity 90503K, committed 90752K, reserved 1128448K
  class space    used 11273K, capacity 12394K, committed 12416K, reserved 1048576K
}
Event: 2549.350 GC heap after
{Heap after GC invocations=428 (full 118):
 garbage-first heap   total 234496K, used 76957K [0x0000000700000000, 0x0000000700100728, 0x00000007c0000000)
  region size 1024K, 1 young (1024K), 1 survivors (1024K)
 Metaspace       used 84050K, capacity 90503K, committed 90752K, reserved 1128448K
  class space    used 11273K, capacity 12394K, committed 12416K, reserved 1048576K
}
Event: 2552.595 GC heap before
{Heap before GC invocations=428 (full 118):
 garbage-first heap   total 234496K, used 137373K [0x0000000700000000, 0x0000000700100728, 0x00000007c0000000)
  region size 1024K, 60 young (61440K), 1 survivors (1024K)
 Metaspace       used 84064K, capacity 90503K, committed 90752K, reserved 1128448K
  class space    used 11273K, capacity 12394K, committed 12416K, reserved 1048576K
}
Event: 2552.597 GC heap after
{Heap after GC invocations=429 (full 118):
 garbage-first heap   total 234496K, used 73981K [0x0000000700000000, 0x0000000700100728, 0x00000007c0000000)
  region size 1024K, 1 young (1024K), 1 survivors (1024K)
 Metaspace       used 84064K, capacity 90503K, committed 90752K, reserved 1128448K
  class space    used 11273K, capacity 12394K, committed 12416K, reserved 1048576K
}
Event: 2556.153 GC heap before
{Heap before GC invocations=429 (full 118):
 garbage-first heap   total 234496K, used 126205K [0x0000000700000000, 0x0000000700100728, 0x00000007c0000000)
  region size 1024K, 53 young (54272K), 1 survivors (1024K)
 Metaspace       used 84078K, capacity 90503K, committed 90752K, reserved 1128448K
  class space    used 11273K, capacity 12394K, committed 12416K, reserved 1048576K
}
Event: 2556.325 GC heap after
{Heap after GC invocations=430 (full 119):
 garbage-first heap   total 231424K, used 69236K [0x0000000700000000, 0x0000000700100710, 0x00000007c0000000)
  region size 1024K, 0 young (0K), 0 survivors (0K)
 Metaspace       used 84078K, capacity 90503K, committed 90752K, reserved 1128448K
  class space    used 11273K, capacity 12394K, committed 12416K, reserved 1048576K
}

